This file contains any messages produced by compilers while
running configure, to aid debugging if configure makes a mistake.

It was created by tpm-tools configure 1.3.6, which was
generated by GNU Autoconf 2.67.  Invocation command line was

  $ ./configure 

## --------- ##
## Platform. ##
## --------- ##

hostname = Ubuntu-Latitude
uname -m = i686
uname -r = 3.0.0-17-generic-pae
uname -s = Linux
uname -v = #30-Ubuntu SMP Thu Mar 8 17:53:35 UTC 2012

/usr/bin/uname -p = unknown
/bin/uname -X     = unknown

/bin/arch              = unknown
/usr/bin/arch -k       = unknown
/usr/convex/getsysinfo = unknown
/usr/bin/hostinfo      = unknown
/bin/machine           = unknown
/usr/bin/oslevel       = unknown
/bin/universe          = unknown

PATH: /usr/lib/lightdm/lightdm
PATH: /usr/local/sbin
PATH: /usr/local/bin
PATH: /usr/sbin
PATH: /usr/bin
PATH: /sbin
PATH: /bin
PATH: /usr/games


## ----------- ##
## Core tests. ##
## ----------- ##

configure:2442: checking build system type
configure:2456: result: i686-pc-linux-gnu
configure:2476: checking host system type
configure:2489: result: i686-pc-linux-gnu
configure:2509: checking target system type
configure:2522: result: i686-pc-linux-gnu
configure:2564: checking for a BSD-compatible install
configure:2632: result: /usr/bin/install -c
configure:2643: checking whether build environment is sane
configure:2693: result: yes
configure:2834: checking for a thread-safe mkdir -p
configure:2873: result: /bin/mkdir -p
configure:2886: checking for gawk
configure:2916: result: no
configure:2886: checking for mawk
configure:2902: found /usr/bin/mawk
configure:2913: result: mawk
configure:2924: checking whether make sets $(MAKE)
configure:2946: result: yes
configure:3029: checking for debug-enabled build
configure:3044: result: no
configure:3110: checking for gcc
configure:3126: found /usr/bin/gcc
configure:3137: result: gcc
configure:3366: checking for C compiler version
configure:3375: gcc --version >&5
gcc (Ubuntu/Linaro 4.6.1-9ubuntu3) 4.6.1
Copyright (C) 2011 Free Software Foundation, Inc.
This is free software; see the source for copying conditions.  There is NO
warranty; not even for MERCHANTABILITY or FITNESS FOR A PARTICULAR PURPOSE.

configure:3386: $? = 0
configure:3375: gcc -v >&5
Using built-in specs.
COLLECT_GCC=gcc
COLLECT_LTO_WRAPPER=/usr/lib/gcc/i686-linux-gnu/4.6.1/lto-wrapper
Target: i686-linux-gnu
Configured with: ../src/configure -v --with-pkgversion='Ubuntu/Linaro 4.6.1-9ubuntu3' --with-bugurl=file:///usr/share/doc/gcc-4.6/README.Bugs --enable-languages=c,c++,fortran,objc,obj-c++,go --prefix=/usr --program-suffix=-4.6 --enable-shared --enable-linker-build-id --with-system-zlib --libexecdir=/usr/lib --without-included-gettext --enable-threads=posix --with-gxx-include-dir=/usr/include/c++/4.6 --libdir=/usr/lib --enable-nls --with-sysroot=/ --enable-clocale=gnu --enable-libstdcxx-debug --enable-libstdcxx-time=yes --enable-plugin --enable-objc-gc --enable-targets=all --disable-werror --with-arch-32=i686 --with-tune=generic --enable-checking=release --build=i686-linux-gnu --host=i686-linux-gnu --target=i686-linux-gnu
Thread model: posix
gcc version 4.6.1 (Ubuntu/Linaro 4.6.1-9ubuntu3) 
configure:3386: $? = 0
configure:3375: gcc -V >&5
gcc: error: unrecognized option '-V'
gcc: fatal error: no input files
compilation terminated.
configure:3386: $? = 4
configure:3375: gcc -qversion >&5
gcc: error: unrecognized option '-qversion'
gcc: fatal error: no input files
compilation terminated.
configure:3386: $? = 4
configure:3406: checking whether the C compiler works
configure:3428: gcc -g -O2   conftest.c  >&5
configure:3432: $? = 0
configure:3480: result: yes
configure:3483: checking for C compiler default output file name
configure:3485: result: a.out
configure:3491: checking for suffix of executables
configure:3498: gcc -o conftest -g -O2   conftest.c  >&5
configure:3502: $? = 0
configure:3524: result: 
configure:3546: checking whether we are cross compiling
configure:3554: gcc -o conftest -g -O2   conftest.c  >&5
configure:3558: $? = 0
configure:3565: ./conftest
configure:3569: $? = 0
configure:3584: result: no
configure:3589: checking for suffix of object files
configure:3611: gcc -c -g -O2  conftest.c >&5
configure:3615: $? = 0
configure:3636: result: o
configure:3640: checking whether we are using the GNU C compiler
configure:3659: gcc -c -g -O2  conftest.c >&5
configure:3659: $? = 0
configure:3668: result: yes
configure:3677: checking whether gcc accepts -g
configure:3697: gcc -c -g  conftest.c >&5
configure:3697: $? = 0
configure:3738: result: yes
configure:3755: checking for gcc option to accept ISO C89
configure:3819: gcc  -c -g -O2  conftest.c >&5
configure:3819: $? = 0
configure:3832: result: none needed
configure:3863: checking for style of include used by make
configure:3891: result: GNU
configure:3916: checking dependency style of gcc
configure:4026: result: gcc3
configure:4067: checking for a sed that does not truncate output
configure:4131: result: /bin/sed
configure:4149: checking for grep that handles long lines and -e
configure:4207: result: /bin/grep
configure:4212: checking for egrep
configure:4274: result: /bin/grep -E
configure:4279: checking for fgrep
configure:4341: result: /bin/grep -F
configure:4376: checking for ld used by gcc
configure:4443: result: /usr/bin/ld
configure:4450: checking if the linker (/usr/bin/ld) is GNU ld
configure:4465: result: yes
configure:4477: checking for BSD- or MS-compatible name lister (nm)
configure:4526: result: /usr/bin/nm -B
configure:4644: checking the name lister (/usr/bin/nm -B) interface
configure:4651: gcc -c -g -O2  conftest.c >&5
configure:4654: /usr/bin/nm -B "conftest.o"
configure:4657: output
00000000 B some_variable
configure:4664: result: BSD nm
configure:4667: checking whether ln -s works
configure:4671: result: yes
configure:4679: checking the maximum length of command line arguments
configure:4799: result: 1572864
configure:4816: checking whether the shell understands some XSI constructs
configure:4826: result: yes
configure:4830: checking whether the shell understands "+="
configure:4836: result: yes
configure:4871: checking for /usr/bin/ld option to reload object files
configure:4878: result: -r
configure:4947: checking for objdump
configure:4963: found /usr/bin/objdump
configure:4974: result: objdump
configure:5006: checking how to recognize dependent libraries
configure:5202: result: pass_all
configure:5262: checking for ar
configure:5278: found /usr/bin/ar
configure:5289: result: ar
configure:5367: checking for strip
configure:5383: found /usr/bin/strip
configure:5394: result: strip
configure:5466: checking for ranlib
configure:5482: found /usr/bin/ranlib
configure:5493: result: ranlib
configure:5583: checking command to parse /usr/bin/nm -B output from gcc object
configure:5701: gcc -c -g -O2  conftest.c >&5
configure:5704: $? = 0
configure:5708: /usr/bin/nm -B conftest.o \| sed -n -e 's/^.*[	 ]\([ABCDGIRSTW][ABCDGIRSTW]*\)[	 ][	 ]*\([_A-Za-z][_A-Za-z0-9]*\)$/\1 \2 \2/p' \> conftest.nm
configure:5711: $? = 0
configure:5765: gcc -o conftest -g -O2   conftest.c conftstm.o >&5
configure:5768: $? = 0
configure:5806: result: ok
configure:6615: checking how to run the C preprocessor
configure:6646: gcc -E  conftest.c
configure:6646: $? = 0
configure:6660: gcc -E  conftest.c
conftest.c:11:28: fatal error: ac_nonexistent.h: No such file or directory
compilation terminated.
configure:6660: $? = 1
configure: failed program was:
| /* confdefs.h */
| #define PACKAGE_NAME "tpm-tools"
| #define PACKAGE_TARNAME "tpm-tools"
| #define PACKAGE_VERSION "1.3.6"
| #define PACKAGE_STRING "tpm-tools 1.3.6"
| #define PACKAGE_BUGREPORT "trousers-tech@lists.sf.net"
| #define PACKAGE_URL ""
| #define PACKAGE "tpm-tools"
| #define VERSION "1.3.6"
| /* end confdefs.h.  */
| #include <ac_nonexistent.h>
configure:6685: result: gcc -E
configure:6705: gcc -E  conftest.c
configure:6705: $? = 0
configure:6719: gcc -E  conftest.c
conftest.c:11:28: fatal error: ac_nonexistent.h: No such file or directory
compilation terminated.
configure:6719: $? = 1
configure: failed program was:
| /* confdefs.h */
| #define PACKAGE_NAME "tpm-tools"
| #define PACKAGE_TARNAME "tpm-tools"
| #define PACKAGE_VERSION "1.3.6"
| #define PACKAGE_STRING "tpm-tools 1.3.6"
| #define PACKAGE_BUGREPORT "trousers-tech@lists.sf.net"
| #define PACKAGE_URL ""
| #define PACKAGE "tpm-tools"
| #define VERSION "1.3.6"
| /* end confdefs.h.  */
| #include <ac_nonexistent.h>
configure:6748: checking for ANSI C header files
configure:6768: gcc -c -g -O2  conftest.c >&5
configure:6768: $? = 0
configure:6841: gcc -o conftest -g -O2   conftest.c  >&5
configure:6841: $? = 0
configure:6841: ./conftest
configure:6841: $? = 0
configure:6852: result: yes
configure:6865: checking for sys/types.h
configure:6865: gcc -c -g -O2  conftest.c >&5
configure:6865: $? = 0
configure:6865: result: yes
configure:6865: checking for sys/stat.h
configure:6865: gcc -c -g -O2  conftest.c >&5
configure:6865: $? = 0
configure:6865: result: yes
configure:6865: checking for stdlib.h
configure:6865: gcc -c -g -O2  conftest.c >&5
configure:6865: $? = 0
configure:6865: result: yes
configure:6865: checking for string.h
configure:6865: gcc -c -g -O2  conftest.c >&5
configure:6865: $? = 0
configure:6865: result: yes
configure:6865: checking for memory.h
configure:6865: gcc -c -g -O2  conftest.c >&5
configure:6865: $? = 0
configure:6865: result: yes
configure:6865: checking for strings.h
configure:6865: gcc -c -g -O2  conftest.c >&5
configure:6865: $? = 0
configure:6865: result: yes
configure:6865: checking for inttypes.h
configure:6865: gcc -c -g -O2  conftest.c >&5
configure:6865: $? = 0
configure:6865: result: yes
configure:6865: checking for stdint.h
configure:6865: gcc -c -g -O2  conftest.c >&5
configure:6865: $? = 0
configure:6865: result: yes
configure:6865: checking for unistd.h
configure:6865: gcc -c -g -O2  conftest.c >&5
configure:6865: $? = 0
configure:6865: result: yes
configure:6879: checking for dlfcn.h
configure:6879: gcc -c -g -O2  conftest.c >&5
configure:6879: $? = 0
configure:6879: result: yes
configure:7063: checking for objdir
configure:7078: result: .libs
configure:7374: checking if gcc supports -fno-rtti -fno-exceptions
configure:7392: gcc -c -g -O2  -fno-rtti -fno-exceptions conftest.c >&5
cc1: warning: command line option '-fno-rtti' is valid for C++/ObjC++ but not for C [enabled by default]
configure:7396: $? = 0
configure:7409: result: no
configure:7429: checking for gcc option to produce PIC
configure:7701: result: -fPIC -DPIC
configure:7713: checking if gcc PIC flag -fPIC -DPIC works
configure:7731: gcc -c -g -O2  -fPIC -DPIC -DPIC conftest.c >&5
configure:7735: $? = 0
configure:7748: result: yes
configure:7772: checking if gcc static flag -static works
configure:7800: result: yes
configure:7815: checking if gcc supports -c -o file.o
configure:7836: gcc -c -g -O2  -o out/conftest2.o conftest.c >&5
configure:7840: $? = 0
configure:7862: result: yes
configure:7870: checking if gcc supports -c -o file.o
configure:7917: result: yes
configure:7950: checking whether the gcc linker (/usr/bin/ld) supports shared libraries
configure:8941: result: yes
configure:8978: checking whether -lc should be explicitly linked in
configure:8983: gcc -c -g -O2  conftest.c >&5
configure:8986: $? = 0
configure:9001: gcc -shared conftest.o  -v -Wl,-soname -Wl,conftest -o conftest 2\>\&1 \| /bin/grep  -lc  \>/dev/null 2\>\&1
configure:9004: $? = 0
configure:9016: result: no
configure:9180: checking dynamic linker characteristics
configure:9613: gcc -o conftest -g -O2   -Wl,-rpath -Wl,/foo conftest.c  >&5
configure:9613: $? = 0
configure:9843: result: GNU/Linux ld.so
configure:9945: checking how to hardcode library paths into programs
configure:9970: result: immediate
configure:10490: checking whether stripping libraries is possible
configure:10495: result: yes
configure:10530: checking if libtool supports shared libraries
configure:10532: result: yes
configure:10535: checking whether to build shared libraries
configure:10556: result: yes
configure:10559: checking whether to build static libraries
configure:10563: result: yes
configure:10603: checking for cp
configure:10619: found /bin/cp
configure:10630: result: cp
configure:10645: checking for echo
configure:10672: result: echo
configure:10687: checking for mkdir
configure:10703: found /bin/mkdir
configure:10714: result: mkdir
configure:10729: checking for rm
configure:10756: result: rm -f
configure:10770: checking whether NLS is requested
configure:10779: result: yes
configure:10817: checking for msgfmt
configure: trying /usr/bin/msgfmt...
0 translated messages.
configure:10849: result: /usr/bin/msgfmt
configure:10858: checking for gmsgfmt
configure:10889: result: /usr/bin/msgfmt
configure:10940: checking for xgettext
configure: trying /usr/bin/xgettext...
/usr/bin/xgettext: warning: file `/dev/null' extension `' is unknown; will try C
configure:10972: result: /usr/bin/xgettext
configure:11018: checking for msgmerge
configure: trying /usr/bin/msgmerge...
configure:11049: result: /usr/bin/msgmerge
configure:11103: checking for ld used by GCC
configure:11167: result: /usr/bin/ld
configure:11174: checking if the linker (/usr/bin/ld) is GNU ld
configure:11187: result: yes
configure:11194: checking for shared library run path origin
configure:11207: result: done
configure:11643: checking for CFPreferencesCopyAppValue
configure:11661: gcc -o conftest -g -O2   conftest.c  -Wl,-framework -Wl,CoreFoundation >&5
conftest.c:23:42: fatal error: CoreFoundation/CFPreferences.h: No such file or directory
compilation terminated.
configure:11661: $? = 1
configure: failed program was:
| /* confdefs.h */
| #define PACKAGE_NAME "tpm-tools"
| #define PACKAGE_TARNAME "tpm-tools"
| #define PACKAGE_VERSION "1.3.6"
| #define PACKAGE_STRING "tpm-tools 1.3.6"
| #define PACKAGE_BUGREPORT "trousers-tech@lists.sf.net"
| #define PACKAGE_URL ""
| #define PACKAGE "tpm-tools"
| #define VERSION "1.3.6"
| #define STDC_HEADERS 1
| #define HAVE_SYS_TYPES_H 1
| #define HAVE_SYS_STAT_H 1
| #define HAVE_STDLIB_H 1
| #define HAVE_STRING_H 1
| #define HAVE_MEMORY_H 1
| #define HAVE_STRINGS_H 1
| #define HAVE_INTTYPES_H 1
| #define HAVE_STDINT_H 1
| #define HAVE_UNISTD_H 1
| #define HAVE_DLFCN_H 1
| #define LT_OBJDIR ".libs/"
| /* end confdefs.h.  */
| #include <CoreFoundation/CFPreferences.h>
| int
| main ()
| {
| CFPreferencesCopyAppValue(NULL, NULL)
|   ;
|   return 0;
| }
configure:11670: result: no
configure:11677: checking for CFLocaleCopyCurrent
configure:11695: gcc -o conftest -g -O2   conftest.c  -Wl,-framework -Wl,CoreFoundation >&5
conftest.c:23:37: fatal error: CoreFoundation/CFLocale.h: No such file or directory
compilation terminated.
configure:11695: $? = 1
configure: failed program was:
| /* confdefs.h */
| #define PACKAGE_NAME "tpm-tools"
| #define PACKAGE_TARNAME "tpm-tools"
| #define PACKAGE_VERSION "1.3.6"
| #define PACKAGE_STRING "tpm-tools 1.3.6"
| #define PACKAGE_BUGREPORT "trousers-tech@lists.sf.net"
| #define PACKAGE_URL ""
| #define PACKAGE "tpm-tools"
| #define VERSION "1.3.6"
| #define STDC_HEADERS 1
| #define HAVE_SYS_TYPES_H 1
| #define HAVE_SYS_STAT_H 1
| #define HAVE_STDLIB_H 1
| #define HAVE_STRING_H 1
| #define HAVE_MEMORY_H 1
| #define HAVE_STRINGS_H 1
| #define HAVE_INTTYPES_H 1
| #define HAVE_STDINT_H 1
| #define HAVE_UNISTD_H 1
| #define HAVE_DLFCN_H 1
| #define LT_OBJDIR ".libs/"
| /* end confdefs.h.  */
| #include <CoreFoundation/CFLocale.h>
| int
| main ()
| {
| CFLocaleCopyCurrent();
|   ;
|   return 0;
| }
configure:11704: result: no
configure:11733: checking for GNU gettext in libc
configure:11752: gcc -o conftest -g -O2   conftest.c  >&5
configure:11752: $? = 0
configure:11760: result: yes
configure:12349: checking whether to use NLS
configure:12351: result: yes
configure:12354: checking where the gettext function comes from
configure:12365: result: libc
configure:12435: checking Non-standard OpenSSL location
configure:12451: result: no
configure:12457: checking for Tspi_Context_Create in -ltspi
configure:12482: gcc -o conftest -g -O2   conftest.c -ltspi   >&5
configure:12482: $? = 0
configure:12491: result: yes
configure:12499: checking for Tspi_TPM_SetOperatorAuth in -ltspi
configure:12524: gcc -o conftest -g -O2   conftest.c -ltspi   >&5
configure:12524: $? = 0
configure:12533: result: yes
configure:12550: Configuring tpm-tools for TSS 1.2
configure:12564: checking trousers/tss.h usability
configure:12564: gcc -c -g -O2  conftest.c >&5
configure:12564: $? = 0
configure:12564: result: yes
configure:12564: checking trousers/tss.h presence
configure:12564: gcc -E  conftest.c
configure:12564: $? = 0
configure:12564: result: yes
configure:12564: checking for trousers/tss.h
configure:12564: result: yes
configure:12573: checking for PEM_read_X509 in -lcrypto
configure:12598: gcc -o conftest -g -O2   conftest.c -lcrypto   >&5
configure:12598: $? = 0
configure:12607: result: yes
configure:12615: checking openssl/evp.h usability
configure:12615: gcc -c -g -O2  conftest.c >&5
configure:12615: $? = 0
configure:12615: result: yes
configure:12615: checking openssl/evp.h presence
configure:12615: gcc -E  conftest.c
configure:12615: $? = 0
configure:12615: result: yes
configure:12615: checking for openssl/evp.h
configure:12615: result: yes
configure:12634: checking opencryptoki/pkcs11.h usability
configure:12634: gcc -c -g -O2  conftest.c >&5
configure:12634: $? = 0
configure:12634: result: yes
configure:12634: checking opencryptoki/pkcs11.h presence
configure:12634: gcc -E  conftest.c
configure:12634: $? = 0
configure:12634: result: yes
configure:12634: checking for opencryptoki/pkcs11.h
configure:12634: result: yes
configure:12655: checking for ANSI C header files
configure:12759: result: yes
configure:12768: checking for an ANSI C-conforming const
configure:12833: gcc -c -g -O2  conftest.c >&5
configure:12833: $? = 0
configure:12840: result: yes
configure:12848: checking for inline
configure:12864: gcc -c -g -O2  conftest.c >&5
configure:12864: $? = 0
configure:12872: result: inline
configure:12891: checking for long file names
configure:12923: result: yes
configure:12932: checking for mode_t
configure:12932: gcc -c -g -O2  conftest.c >&5
configure:12932: $? = 0
configure:12932: gcc -c -g -O2  conftest.c >&5
conftest.c: In function 'main':
conftest.c:64:21: error: expected expression before ')' token
configure:12932: $? = 1
configure: failed program was:
| /* confdefs.h */
| #define PACKAGE_NAME "tpm-tools"
| #define PACKAGE_TARNAME "tpm-tools"
| #define PACKAGE_VERSION "1.3.6"
| #define PACKAGE_STRING "tpm-tools 1.3.6"
| #define PACKAGE_BUGREPORT "trousers-tech@lists.sf.net"
| #define PACKAGE_URL ""
| #define PACKAGE "tpm-tools"
| #define VERSION "1.3.6"
| #define STDC_HEADERS 1
| #define HAVE_SYS_TYPES_H 1
| #define HAVE_SYS_STAT_H 1
| #define HAVE_STDLIB_H 1
| #define HAVE_STRING_H 1
| #define HAVE_MEMORY_H 1
| #define HAVE_STRINGS_H 1
| #define HAVE_INTTYPES_H 1
| #define HAVE_STDINT_H 1
| #define HAVE_UNISTD_H 1
| #define HAVE_DLFCN_H 1
| #define LT_OBJDIR ".libs/"
| #define ENABLE_NLS 1
| #define HAVE_GETTEXT 1
| #define HAVE_DCGETTEXT 1
| #define STDC_HEADERS 1
| #define HAVE_LONG_FILE_NAMES 1
| /* end confdefs.h.  */
| #include <stdio.h>
| #ifdef HAVE_SYS_TYPES_H
| # include <sys/types.h>
| #endif
| #ifdef HAVE_SYS_STAT_H
| # include <sys/stat.h>
| #endif
| #ifdef STDC_HEADERS
| # include <stdlib.h>
| # include <stddef.h>
| #else
| # ifdef HAVE_STDLIB_H
| #  include <stdlib.h>
| # endif
| #endif
| #ifdef HAVE_STRING_H
| # if !defined STDC_HEADERS && defined HAVE_MEMORY_H
| #  include <memory.h>
| # endif
| # include <string.h>
| #endif
| #ifdef HAVE_STRINGS_H
| # include <strings.h>
| #endif
| #ifdef HAVE_INTTYPES_H
| # include <inttypes.h>
| #endif
| #ifdef HAVE_STDINT_H
| # include <stdint.h>
| #endif
| #ifdef HAVE_UNISTD_H
| # include <unistd.h>
| #endif
| int
| main ()
| {
| if (sizeof ((mode_t)))
| 	    return 0;
|   ;
|   return 0;
| }
configure:12932: result: yes
configure:12943: checking for off_t
configure:12943: gcc -c -g -O2  conftest.c >&5
configure:12943: $? = 0
configure:12943: gcc -c -g -O2  conftest.c >&5
conftest.c: In function 'main':
conftest.c:64:20: error: expected expression before ')' token
configure:12943: $? = 1
configure: failed program was:
| /* confdefs.h */
| #define PACKAGE_NAME "tpm-tools"
| #define PACKAGE_TARNAME "tpm-tools"
| #define PACKAGE_VERSION "1.3.6"
| #define PACKAGE_STRING "tpm-tools 1.3.6"
| #define PACKAGE_BUGREPORT "trousers-tech@lists.sf.net"
| #define PACKAGE_URL ""
| #define PACKAGE "tpm-tools"
| #define VERSION "1.3.6"
| #define STDC_HEADERS 1
| #define HAVE_SYS_TYPES_H 1
| #define HAVE_SYS_STAT_H 1
| #define HAVE_STDLIB_H 1
| #define HAVE_STRING_H 1
| #define HAVE_MEMORY_H 1
| #define HAVE_STRINGS_H 1
| #define HAVE_INTTYPES_H 1
| #define HAVE_STDINT_H 1
| #define HAVE_UNISTD_H 1
| #define HAVE_DLFCN_H 1
| #define LT_OBJDIR ".libs/"
| #define ENABLE_NLS 1
| #define HAVE_GETTEXT 1
| #define HAVE_DCGETTEXT 1
| #define STDC_HEADERS 1
| #define HAVE_LONG_FILE_NAMES 1
| /* end confdefs.h.  */
| #include <stdio.h>
| #ifdef HAVE_SYS_TYPES_H
| # include <sys/types.h>
| #endif
| #ifdef HAVE_SYS_STAT_H
| # include <sys/stat.h>
| #endif
| #ifdef STDC_HEADERS
| # include <stdlib.h>
| # include <stddef.h>
| #else
| # ifdef HAVE_STDLIB_H
| #  include <stdlib.h>
| # endif
| #endif
| #ifdef HAVE_STRING_H
| # if !defined STDC_HEADERS && defined HAVE_MEMORY_H
| #  include <memory.h>
| # endif
| # include <string.h>
| #endif
| #ifdef HAVE_STRINGS_H
| # include <strings.h>
| #endif
| #ifdef HAVE_INTTYPES_H
| # include <inttypes.h>
| #endif
| #ifdef HAVE_STDINT_H
| # include <stdint.h>
| #endif
| #ifdef HAVE_UNISTD_H
| # include <unistd.h>
| #endif
| int
| main ()
| {
| if (sizeof ((off_t)))
| 	    return 0;
|   ;
|   return 0;
| }
configure:12943: result: yes
configure:12954: checking for pid_t
configure:12954: gcc -c -g -O2  conftest.c >&5
configure:12954: $? = 0
configure:12954: gcc -c -g -O2  conftest.c >&5
conftest.c: In function 'main':
conftest.c:64:20: error: expected expression before ')' token
configure:12954: $? = 1
configure: failed program was:
| /* confdefs.h */
| #define PACKAGE_NAME "tpm-tools"
| #define PACKAGE_TARNAME "tpm-tools"
| #define PACKAGE_VERSION "1.3.6"
| #define PACKAGE_STRING "tpm-tools 1.3.6"
| #define PACKAGE_BUGREPORT "trousers-tech@lists.sf.net"
| #define PACKAGE_URL ""
| #define PACKAGE "tpm-tools"
| #define VERSION "1.3.6"
| #define STDC_HEADERS 1
| #define HAVE_SYS_TYPES_H 1
| #define HAVE_SYS_STAT_H 1
| #define HAVE_STDLIB_H 1
| #define HAVE_STRING_H 1
| #define HAVE_MEMORY_H 1
| #define HAVE_STRINGS_H 1
| #define HAVE_INTTYPES_H 1
| #define HAVE_STDINT_H 1
| #define HAVE_UNISTD_H 1
| #define HAVE_DLFCN_H 1
| #define LT_OBJDIR ".libs/"
| #define ENABLE_NLS 1
| #define HAVE_GETTEXT 1
| #define HAVE_DCGETTEXT 1
| #define STDC_HEADERS 1
| #define HAVE_LONG_FILE_NAMES 1
| /* end confdefs.h.  */
| #include <stdio.h>
| #ifdef HAVE_SYS_TYPES_H
| # include <sys/types.h>
| #endif
| #ifdef HAVE_SYS_STAT_H
| # include <sys/stat.h>
| #endif
| #ifdef STDC_HEADERS
| # include <stdlib.h>
| # include <stddef.h>
| #else
| # ifdef HAVE_STDLIB_H
| #  include <stdlib.h>
| # endif
| #endif
| #ifdef HAVE_STRING_H
| # if !defined STDC_HEADERS && defined HAVE_MEMORY_H
| #  include <memory.h>
| # endif
| # include <string.h>
| #endif
| #ifdef HAVE_STRINGS_H
| # include <strings.h>
| #endif
| #ifdef HAVE_INTTYPES_H
| # include <inttypes.h>
| #endif
| #ifdef HAVE_STDINT_H
| # include <stdint.h>
| #endif
| #ifdef HAVE_UNISTD_H
| # include <unistd.h>
| #endif
| int
| main ()
| {
| if (sizeof ((pid_t)))
| 	    return 0;
|   ;
|   return 0;
| }
configure:12954: result: yes
configure:12965: checking for size_t
configure:12965: gcc -c -g -O2  conftest.c >&5
configure:12965: $? = 0
configure:12965: gcc -c -g -O2  conftest.c >&5
conftest.c: In function 'main':
conftest.c:64:21: error: expected expression before ')' token
configure:12965: $? = 1
configure: failed program was:
| /* confdefs.h */
| #define PACKAGE_NAME "tpm-tools"
| #define PACKAGE_TARNAME "tpm-tools"
| #define PACKAGE_VERSION "1.3.6"
| #define PACKAGE_STRING "tpm-tools 1.3.6"
| #define PACKAGE_BUGREPORT "trousers-tech@lists.sf.net"
| #define PACKAGE_URL ""
| #define PACKAGE "tpm-tools"
| #define VERSION "1.3.6"
| #define STDC_HEADERS 1
| #define HAVE_SYS_TYPES_H 1
| #define HAVE_SYS_STAT_H 1
| #define HAVE_STDLIB_H 1
| #define HAVE_STRING_H 1
| #define HAVE_MEMORY_H 1
| #define HAVE_STRINGS_H 1
| #define HAVE_INTTYPES_H 1
| #define HAVE_STDINT_H 1
| #define HAVE_UNISTD_H 1
| #define HAVE_DLFCN_H 1
| #define LT_OBJDIR ".libs/"
| #define ENABLE_NLS 1
| #define HAVE_GETTEXT 1
| #define HAVE_DCGETTEXT 1
| #define STDC_HEADERS 1
| #define HAVE_LONG_FILE_NAMES 1
| /* end confdefs.h.  */
| #include <stdio.h>
| #ifdef HAVE_SYS_TYPES_H
| # include <sys/types.h>
| #endif
| #ifdef HAVE_SYS_STAT_H
| # include <sys/stat.h>
| #endif
| #ifdef STDC_HEADERS
| # include <stdlib.h>
| # include <stddef.h>
| #else
| # ifdef HAVE_STDLIB_H
| #  include <stdlib.h>
| # endif
| #endif
| #ifdef HAVE_STRING_H
| # if !defined STDC_HEADERS && defined HAVE_MEMORY_H
| #  include <memory.h>
| # endif
| # include <string.h>
| #endif
| #ifdef HAVE_STRINGS_H
| # include <strings.h>
| #endif
| #ifdef HAVE_INTTYPES_H
| # include <inttypes.h>
| #endif
| #ifdef HAVE_STDINT_H
| # include <stdint.h>
| #endif
| #ifdef HAVE_UNISTD_H
| # include <unistd.h>
| #endif
| int
| main ()
| {
| if (sizeof ((size_t)))
| 	    return 0;
|   ;
|   return 0;
| }
configure:12965: result: yes
configure:12976: checking return type of signal handlers
configure:12994: gcc -c -g -O2  conftest.c >&5
conftest.c: In function 'main':
conftest.c:34:1: error: void value not ignored as it ought to be
configure:12994: $? = 1
configure: failed program was:
| /* confdefs.h */
| #define PACKAGE_NAME "tpm-tools"
| #define PACKAGE_TARNAME "tpm-tools"
| #define PACKAGE_VERSION "1.3.6"
| #define PACKAGE_STRING "tpm-tools 1.3.6"
| #define PACKAGE_BUGREPORT "trousers-tech@lists.sf.net"
| #define PACKAGE_URL ""
| #define PACKAGE "tpm-tools"
| #define VERSION "1.3.6"
| #define STDC_HEADERS 1
| #define HAVE_SYS_TYPES_H 1
| #define HAVE_SYS_STAT_H 1
| #define HAVE_STDLIB_H 1
| #define HAVE_STRING_H 1
| #define HAVE_MEMORY_H 1
| #define HAVE_STRINGS_H 1
| #define HAVE_INTTYPES_H 1
| #define HAVE_STDINT_H 1
| #define HAVE_UNISTD_H 1
| #define HAVE_DLFCN_H 1
| #define LT_OBJDIR ".libs/"
| #define ENABLE_NLS 1
| #define HAVE_GETTEXT 1
| #define HAVE_DCGETTEXT 1
| #define STDC_HEADERS 1
| #define HAVE_LONG_FILE_NAMES 1
| /* end confdefs.h.  */
| #include <sys/types.h>
| #include <signal.h>
| 
| int
| main ()
| {
| return *(signal (0, 0)) (0) == 1;
|   ;
|   return 0;
| }
configure:13001: result: void
configure:13009: checking for uid_t in sys/types.h
configure:13028: result: yes
configure:13175: creating ./config.status

## ---------------------- ##
## Running config.status. ##
## ---------------------- ##

This file was extended by tpm-tools config.status 1.3.6, which was
generated by GNU Autoconf 2.67.  Invocation command line was

  CONFIG_FILES    = 
  CONFIG_HEADERS  = 
  CONFIG_LINKS    = 
  CONFIG_COMMANDS = 
  $ ./config.status 

on Ubuntu-Latitude

config.status:1123: creating ./Makefile
config.status:1123: creating po/Makefile.in
config.status:1123: creating m4/Makefile
config.status:1123: creating include/Makefile
config.status:1123: creating lib/Makefile
config.status:1123: creating src/Makefile
config.status:1123: creating src/tpm_mgmt/Makefile
config.status:1123: creating src/cmds/Makefile
config.status:1123: creating src/data_mgmt/Makefile
config.status:1123: creating dist/tpm-tools.spec
config.status:1123: creating man/Makefile
config.status:1123: creating man/man1/Makefile
config.status:1123: creating man/man3/Makefile
config.status:1123: creating man/man8/Makefile
config.status:1123: creating config.h
config.status:1303: config.h is unchanged
config.status:1351: executing depfiles commands
config.status:1351: executing libtool commands
config.status:1351: executing po-directories commands

## ---------------- ##
## Cache variables. ##
## ---------------- ##

ac_cv_build=i686-pc-linux-gnu
ac_cv_c_compiler_gnu=yes
ac_cv_c_const=yes
ac_cv_c_inline=inline
ac_cv_env_CC_set=
ac_cv_env_CC_value=
ac_cv_env_CFLAGS_set=
ac_cv_env_CFLAGS_value=
ac_cv_env_CPPFLAGS_set=
ac_cv_env_CPPFLAGS_value=
ac_cv_env_CPP_set=
ac_cv_env_CPP_value=
ac_cv_env_LDFLAGS_set=
ac_cv_env_LDFLAGS_value=
ac_cv_env_LIBS_set=
ac_cv_env_LIBS_value=
ac_cv_env_build_alias_set=
ac_cv_env_build_alias_value=
ac_cv_env_host_alias_set=
ac_cv_env_host_alias_value=
ac_cv_env_target_alias_set=
ac_cv_env_target_alias_value=
ac_cv_header_dlfcn_h=yes
ac_cv_header_inttypes_h=yes
ac_cv_header_memory_h=yes
ac_cv_header_opencryptoki_pkcs11_h=yes
ac_cv_header_openssl_evp_h=yes
ac_cv_header_stdc=yes
ac_cv_header_stdint_h=yes
ac_cv_header_stdlib_h=yes
ac_cv_header_string_h=yes
ac_cv_header_strings_h=yes
ac_cv_header_sys_stat_h=yes
ac_cv_header_sys_types_h=yes
ac_cv_header_trousers_tss_h=yes
ac_cv_header_unistd_h=yes
ac_cv_host=i686-pc-linux-gnu
ac_cv_lib_crypto_PEM_read_X509=yes
ac_cv_lib_tspi_Tspi_Context_Create=yes
ac_cv_lib_tspi_Tspi_TPM_SetOperatorAuth=yes
ac_cv_objext=o
ac_cv_path_EGREP='/bin/grep -E'
ac_cv_path_FGREP='/bin/grep -F'
ac_cv_path_GMSGFMT=/usr/bin/msgfmt
ac_cv_path_GREP=/bin/grep
ac_cv_path_MSGFMT=/usr/bin/msgfmt
ac_cv_path_MSGMERGE=/usr/bin/msgmerge
ac_cv_path_SED=/bin/sed
ac_cv_path_XGETTEXT=/usr/bin/xgettext
ac_cv_path_install='/usr/bin/install -c'
ac_cv_path_mkdir=/bin/mkdir
ac_cv_prog_AWK=mawk
ac_cv_prog_COPY=cp
ac_cv_prog_CPP='gcc -E'
ac_cv_prog_ECHO=echo
ac_cv_prog_MKDIR=mkdir
ac_cv_prog_RM='rm -f'
ac_cv_prog_ac_ct_AR=ar
ac_cv_prog_ac_ct_CC=gcc
ac_cv_prog_ac_ct_OBJDUMP=objdump
ac_cv_prog_ac_ct_RANLIB=ranlib
ac_cv_prog_ac_ct_STRIP=strip
ac_cv_prog_cc_c89=
ac_cv_prog_cc_g=yes
ac_cv_prog_make_make_set=yes
ac_cv_sys_long_file_names=yes
ac_cv_target=i686-pc-linux-gnu
ac_cv_type_mode_t=yes
ac_cv_type_off_t=yes
ac_cv_type_pid_t=yes
ac_cv_type_signal=void
ac_cv_type_size_t=yes
ac_cv_type_uid_t=yes
acl_cv_hardcode_direct=no
acl_cv_hardcode_libdir_flag_spec='${wl}-rpath ${wl}$libdir'
acl_cv_hardcode_libdir_separator=
acl_cv_hardcode_minus_L=no
acl_cv_libext=a
acl_cv_path_LD=/usr/bin/ld
acl_cv_prog_gnu_ld=yes
acl_cv_rpath=done
acl_cv_shlibext=so
acl_cv_wl=-Wl,
am_cv_CC_dependencies_compiler_type=gcc3
gt_cv_func_CFLocaleCopyCurrent=no
gt_cv_func_CFPreferencesCopyAppValue=no
gt_cv_func_gnugettext1_libc=yes
lt_cv_deplibs_check_method=pass_all
lt_cv_file_magic_cmd='$MAGIC_CMD'
lt_cv_file_magic_test_file=
lt_cv_ld_reload_flag=-r
lt_cv_nm_interface='BSD nm'
lt_cv_objdir=.libs
lt_cv_path_LD=/usr/bin/ld
lt_cv_path_NM='/usr/bin/nm -B'
lt_cv_prog_compiler_c_o=yes
lt_cv_prog_compiler_pic_works=yes
lt_cv_prog_compiler_rtti_exceptions=no
lt_cv_prog_compiler_static_works=yes
lt_cv_prog_gnu_ld=yes
lt_cv_sys_global_symbol_pipe='sed -n -e '\''s/^.*[	 ]\([ABCDGIRSTW][ABCDGIRSTW]*\)[	 ][	 ]*\([_A-Za-z][_A-Za-z0-9]*\)$/\1 \2 \2/p'\'''
lt_cv_sys_global_symbol_to_c_name_address='sed -n -e '\''s/^: \([^ ]*\) $/  {\"\1\", (void *) 0},/p'\'' -e '\''s/^[ABCDGIRSTW]* \([^ ]*\) \([^ ]*\)$/  {"\2", (void *) \&\2},/p'\'''
lt_cv_sys_global_symbol_to_c_name_address_lib_prefix='sed -n -e '\''s/^: \([^ ]*\) $/  {\"\1\", (void *) 0},/p'\'' -e '\''s/^[ABCDGIRSTW]* \([^ ]*\) \(lib[^ ]*\)$/  {"\2", (void *) \&\2},/p'\'' -e '\''s/^[ABCDGIRSTW]* \([^ ]*\) \([^ ]*\)$/  {"lib\2", (void *) \&\2},/p'\'''
lt_cv_sys_global_symbol_to_cdecl='sed -n -e '\''s/^T .* \(.*\)$/extern int \1();/p'\'' -e '\''s/^[ABCDGIRSTW]* .* \(.*\)$/extern char \1;/p'\'''
lt_cv_sys_max_cmd_len=1572864

## ----------------- ##
## Output variables. ##
## ----------------- ##

ACLOCAL='${SHELL} /home/codell/cs592/tpmapi/missing --run aclocal-1.11'
AMDEPBACKSLASH='\'
AMDEP_FALSE='#'
AMDEP_TRUE=''
AMTAR='${SHELL} /home/codell/cs592/tpmapi/missing --run tar'
AR='ar'
AUTOCONF='${SHELL} /home/codell/cs592/tpmapi/missing --run autoconf'
AUTOHEADER='${SHELL} /home/codell/cs592/tpmapi/missing --run autoheader'
AUTOMAKE='${SHELL} /home/codell/cs592/tpmapi/missing --run automake-1.11'
AWK='mawk'
CC='gcc'
CCDEPMODE='depmode=gcc3'
CFLAGS='-g -O2 -Wall -Werror -Wreturn-type -Wsign-compare'
COPY='cp'
CPP='gcc -E'
CPPFLAGS=''
CYGPATH_W='echo'
DEFS='-DHAVE_CONFIG_H'
DEPDIR='.deps'
DSYMUTIL=''
DUMPBIN=''
ECHO='echo'
ECHO_C=''
ECHO_N='-n'
ECHO_T=''
EGREP='/bin/grep -E'
EXEEXT=''
FGREP='/bin/grep -F'
GMSGFMT='/usr/bin/msgfmt'
GMSGFMT_015='/usr/bin/msgfmt'
GREP='/bin/grep'
INSTALL_DATA='${INSTALL} -m 644'
INSTALL_PROGRAM='${INSTALL}'
INSTALL_SCRIPT='${INSTALL}'
INSTALL_STRIP_PROGRAM='$(install_sh) -c -s'
INTLLIBS=''
INTL_MACOSX_LIBS=''
LD='/usr/bin/ld'
LDFLAGS=''
LIBICONV='-liconv'
LIBINTL=''
LIBOBJS=''
LIBS=''
LIBTOOL='$(SHELL) $(top_builddir)/libtool'
LIPO=''
LN_S='ln -s'
LTLIBICONV='-liconv'
LTLIBINTL=''
LTLIBOBJS=''
MAKEINFO='${SHELL} /home/codell/cs592/tpmapi/missing --run makeinfo'
MKDIR='mkdir'
MKDIR_P='/bin/mkdir -p'
MSGFMT='/usr/bin/msgfmt'
MSGFMT_015='/usr/bin/msgfmt'
MSGMERGE='/usr/bin/msgmerge'
NM='/usr/bin/nm -B'
NMEDIT=''
OBJDUMP='objdump'
OBJEXT='o'
OPENSSL_LIB_DIR=''
OTOOL64=''
OTOOL=''
P11_SUPPORT_FALSE='#'
P11_SUPPORT_TRUE=''
PACKAGE='tpm-tools'
PACKAGE_BUGREPORT='trousers-tech@lists.sf.net'
PACKAGE_NAME='tpm-tools'
PACKAGE_STRING='tpm-tools 1.3.6'
PACKAGE_TARNAME='tpm-tools'
PACKAGE_URL=''
PACKAGE_VERSION='1.3.6'
PATH_SEPARATOR=':'
POSUB='po'
RANLIB='ranlib'
RM='rm -f'
SED='/bin/sed'
SET_MAKE=''
SHELL='/bin/bash'
STRIP='strip'
TSS_LIB_IS_12_FALSE='#'
TSS_LIB_IS_12_TRUE=''
USE_NLS='yes'
VERSION='1.3.6'
XGETTEXT='/usr/bin/xgettext'
XGETTEXT_015='/usr/bin/xgettext'
ac_ct_CC='gcc'
ac_ct_DUMPBIN=''
am__EXEEXT_FALSE=''
am__EXEEXT_TRUE='#'
am__fastdepCC_FALSE='#'
am__fastdepCC_TRUE=''
am__include='include'
am__isrc=''
am__leading_dot='.'
am__quote=''
am__tar='${AMTAR} chof - "$$tardir"'
am__untar='${AMTAR} xf -'
bindir='${exec_prefix}/bin'
build='i686-pc-linux-gnu'
build_alias=''
build_cpu='i686'
build_os='linux-gnu'
build_vendor='pc'
datadir='${datarootdir}'
datarootdir='${prefix}/share'
docdir='${datarootdir}/doc/${PACKAGE_TARNAME}'
dvidir='${docdir}'
exec_prefix='${prefix}'
host='i686-pc-linux-gnu'
host_alias=''
host_cpu='i686'
host_os='linux-gnu'
host_vendor='pc'
htmldir='${docdir}'
includedir='${prefix}/include'
infodir='${datarootdir}/info'
install_sh='${SHELL} /home/codell/cs592/tpmapi/install-sh'
libdir='${exec_prefix}/lib'
libexecdir='${exec_prefix}/libexec'
localedir='${datarootdir}/locale'
localstatedir='${prefix}/var'
lt_ECHO='echo'
mandir='${datarootdir}/man'
mkdir_p='/bin/mkdir -p'
oldincludedir='/usr/include'
pdfdir='${docdir}'
prefix='/usr/local'
program_transform_name='s,x,x,'
psdir='${docdir}'
sbindir='${exec_prefix}/sbin'
sharedstatedir='${prefix}/com'
sysconfdir='${prefix}/etc'
target='i686-pc-linux-gnu'
target_alias=''
target_cpu='i686'
target_os='linux-gnu'
target_vendor='pc'

## ----------- ##
## confdefs.h. ##
## ----------- ##

/* confdefs.h */
#define PACKAGE_NAME "tpm-tools"
#define PACKAGE_TARNAME "tpm-tools"
#define PACKAGE_VERSION "1.3.6"
#define PACKAGE_STRING "tpm-tools 1.3.6"
#define PACKAGE_BUGREPORT "trousers-tech@lists.sf.net"
#define PACKAGE_URL ""
#define PACKAGE "tpm-tools"
#define VERSION "1.3.6"
#define STDC_HEADERS 1
#define HAVE_SYS_TYPES_H 1
#define HAVE_SYS_STAT_H 1
#define HAVE_STDLIB_H 1
#define HAVE_STRING_H 1
#define HAVE_MEMORY_H 1
#define HAVE_STRINGS_H 1
#define HAVE_INTTYPES_H 1
#define HAVE_STDINT_H 1
#define HAVE_UNISTD_H 1
#define HAVE_DLFCN_H 1
#define LT_OBJDIR ".libs/"
#define ENABLE_NLS 1
#define HAVE_GETTEXT 1
#define HAVE_DCGETTEXT 1
#define STDC_HEADERS 1
#define HAVE_LONG_FILE_NAMES 1
#define RETSIGTYPE void

configure: exit 0
